[0mGET / [36m304 [0m18.156 ms - -[0m
[0mGET /css/reset.css [32m200 [0m6.159 ms - 1211[0m
[0mGET /css/layout.css [32m200 [0m2.912 ms - 80463[0m
[0mGET /css/lottery.css [32m200 [0m2.975 ms - 102432[0m
[0mGET /js/index.js [32m200 [0m3.149 ms - 577094[0m
[0mGET /get/state [32m200 [0m4.787 ms - 67[0m
[0mGET /get/state [32m200 [0m1.244 ms - 67[0m
[0mGET /get/omit?issue=2017042401 [32m200 [0m23.905 ms - 77[0m
[0mGET /get/opencode?issue=2017042401 [32m200 [0m27.038 ms - 52[0m
[0mGET /get/state [32m200 [0m1.389 ms - 67[0m
[0mGET /get/omit?issue=2017042401 [32m200 [0m5.211 ms - 77[0m
[0mGET /get/opencode?issue=2017042401 [32m200 [0m5.605 ms - 52[0m
[0mGET /get/state [32m200 [0m0.862 ms - 67[0m
[0mGET /get/omit?issue=2017042401 [32m200 [0m10.033 ms - 78[0m
[0mGET /get/opencode?issue=2017042401 [32m200 [0m12.942 ms - 52[0m
[0mGET /get/state [32m200 [0m0.793 ms - 67[0m
[0mGET /get/omit?issue=2017042401 [32m200 [0m4.409 ms - 79[0m
[0mGET /get/opencode?issue=2017042401 [32m200 [0m6.250 ms - 52[0m
[0mGET /get/state [32m200 [0m0.704 ms - 67[0m
[0mGET /get/omit?issue=2017042401 [32m200 [0m5.913 ms - 80[0m
[0mGET /get/opencode?issue=2017042401 [32m200 [0m9.027 ms - 52[0m
[0mGET /get/state [32m200 [0m1.193 ms - 67[0m
[0mGET /get/omit?issue=2017042401 [32m200 [0m2.814 ms - 74[0m
[0mGET /get/opencode?issue=2017042401 [32m200 [0m3.032 ms - 52[0m
[0mGET /get/state [32m200 [0m1.076 ms - 67[0m
[0mGET /get/omit?issue=2017042401 [32m200 [0m3.466 ms - 76[0m
[0mGET /get/opencode?issue=2017042401 [32m200 [0m5.264 ms - 52[0m
[0mGET /css/reset.css [36m304 [0m2.025 ms - -[0m
[0mGET /css/layout.css [36m304 [0m3.520 ms - -[0m
[0mGET /css/lottery.css [36m304 [0m3.887 ms - -[0m
[0mGET /get/state [32m200 [0m0.609 ms - 67[0m
[0mGET /get/omit?issue=2017042401 [32m200 [0m4.478 ms - 81[0m
[0mGET /get/opencode?issue=2017042401 [32m200 [0m5.975 ms - 52[0m
[0mGET /get/state [32m200 [0m1.175 ms - 67[0m
[0mGET /get/omit?issue=2017042401 [32m200 [0m5.783 ms - 76[0m
[0mGET /get/opencode?issue=2017042401 [32m200 [0m1.929 ms - 52[0m
[0mGET /get/state [32m200 [0m1.647 ms - 67[0m
[0mGET /get/omit?issue=2017042401 [32m200 [0m4.572 ms - 77[0m
[0mGET /get/opencode?issue=2017042401 [32m200 [0m5.998 ms - 52[0m
[0mGET /get/state [32m200 [0m0.957 ms - 67[0m
[0mGET /get/omit?issue=2017042401 [32m200 [0m5.232 ms - 77[0m
[0mGET /get/opencode?issue=2017042401 [32m200 [0m1.491 ms - 52[0m
[0mGET /get/state [32m200 [0m0.542 ms - 67[0m
[0mGET /get/omit?issue=2017042401 [32m200 [0m4.857 ms - 78[0m
[0mGET /get/opencode?issue=2017042401 [32m200 [0m2.144 ms - 52[0m
[0mGET /get/state [32m200 [0m1.173 ms - 67[0m
[0mGET /get/omit?issue=2017042401 [32m200 [0m6.512 ms - 82[0m
[0mGET /get/opencode?issue=2017042401 [32m200 [0m5.271 ms - 52[0m
[0mGET /get/state [32m200 [0m1.008 ms - 67[0m
[0mGET /get/omit?issue=2017042401 [32m200 [0m5.293 ms - 79[0m
[0mGET /get/opencode?issue=2017042401 [32m200 [0m3.271 ms - 52[0m
[0mGET /get/state [32m200 [0m1.010 ms - 67[0m
[0mGET /get/omit?issue=2017042401 [32m200 [0m5.330 ms - 82[0m
[0mGET /get/opencode?issue=2017042401 [32m200 [0m3.133 ms - 52[0m
[0mGET /get/state [32m200 [0m1.312 ms - 67[0m
[0mGET /get/omit?issue=2017042401 [32m200 [0m4.176 ms - 76[0m
[0mGET /get/opencode?issue=2017042401 [32m200 [0m6.198 ms - 52[0m
[0mGET /get/state [32m200 [0m0.600 ms - 67[0m
[0mGET /get/omit?issue=2017042401 [32m200 [0m4.213 ms - 79[0m
[0mGET /get/opencode?issue=2017042401 [32m200 [0m3.039 ms - 52[0m
[0mGET /get/state [32m200 [0m0.618 ms - 67[0m
[0mGET /get/omit?issue=2017042401 [32m200 [0m4.839 ms - 76[0m
[0mGET /get/opencode?issue=2017042401 [32m200 [0m9.095 ms - 52[0m
[0mGET /get/state [32m200 [0m1.072 ms - 67[0m
[0mGET /get/omit?issue=2017042401 [32m200 [0m4.870 ms - 77[0m
[0mGET /get/opencode?issue=2017042401 [36m304 [0m8.276 ms - -[0m
[0mGET /get/state [32m200 [0m2.076 ms - 67[0m
[0mGET /get/omit?issue=2017042401 [32m200 [0m3.688 ms - 80[0m
[0mGET /get/opencode?issue=2017042401 [32m200 [0m2.261 ms - 52[0m
[0mGET /get/state [32m200 [0m0.748 ms - 67[0m
[0mGET /get/omit?issue=2017042401 [32m200 [0m3.442 ms - 79[0m
[0mGET /get/opencode?issue=2017042401 [36m304 [0m1.385 ms - -[0m
[0mGET /get/state [32m200 [0m0.782 ms - 67[0m
[0mGET /get/omit?issue=2017042401 [32m200 [0m3.881 ms - 78[0m
[0mGET /get/opencode?issue=2017042401 [32m200 [0m6.285 ms - 52[0m
[0mGET /get/state [32m200 [0m0.513 ms - 67[0m
[0mGET /get/omit?issue=2017042401 [32m200 [0m3.834 ms - 76[0m
[0mGET /get/opencode?issue=2017042401 [32m200 [0m1.304 ms - 52[0m
[0mGET /get/state [32m200 [0m0.817 ms - 67[0m
[0mGET /get/omit?issue=2017042401 [32m200 [0m4.078 ms - 79[0m
[0mGET /get/opencode?issue=2017042401 [32m200 [0m1.655 ms - 52[0m
[0mGET /get/state [32m200 [0m0.960 ms - 67[0m
[0mGET /get/omit?issue=2017042401 [32m200 [0m2.959 ms - 79[0m
[0mGET /get/opencode?issue=2017042401 [32m200 [0m1.556 ms - 52[0m
[0mGET /get/state [32m200 [0m0.383 ms - 67[0m
[0mGET /get/omit?issue=2017042401 [32m200 [0m3.650 ms - 77[0m
[0mGET /get/opencode?issue=2017042401 [32m200 [0m4.519 ms - 52[0m
[0mGET /get/state [32m200 [0m1.168 ms - 67[0m
[0mGET /get/omit?issue=2017042401 [32m200 [0m4.519 ms - 78[0m
[0mGET /get/opencode?issue=2017042401 [32m200 [0m1.969 ms - 52[0m
[0mGET /get/state [32m200 [0m1.244 ms - 67[0m
[0mGET /get/omit?issue=2017042401 [32m200 [0m4.267 ms - 80[0m
[0mGET /get/opencode?issue=2017042401 [32m200 [0m1.759 ms - 52[0m
[0mGET /get/state [32m200 [0m0.785 ms - 67[0m
[0mGET /get/omit?issue=2017042401 [32m200 [0m6.157 ms - 84[0m
[0mGET /get/opencode?issue=2017042401 [32m200 [0m1.608 ms - 52[0m
[0mGET /get/state [32m200 [0m2.642 ms - 67[0m
[0mGET /get/omit?issue=2017042401 [32m200 [0m4.641 ms - 75[0m
[0mGET /get/opencode?issue=2017042401 [32m200 [0m5.066 ms - 52[0m
[0mGET /get/state [32m200 [0m0.895 ms - 67[0m
[0mGET /get/omit?issue=2017042401 [32m200 [0m3.149 ms - 79[0m
[0mGET /get/opencode?issue=2017042401 [32m200 [0m1.327 ms - 52[0m
[0mGET /get/state [32m200 [0m1.260 ms - 67[0m
[0mGET /get/omit?issue=2017042401 [32m200 [0m3.736 ms - 80[0m
[0mGET /get/opencode?issue=2017042401 [32m200 [0m1.262 ms - 52[0m
[0mGET /get/state [32m200 [0m0.731 ms - 67[0m
[0mGET /get/omit?issue=2017042401 [32m200 [0m6.168 ms - 78[0m
[0mGET /get/opencode?issue=2017042401 [32m200 [0m6.933 ms - 52[0m
[0mGET /get/state [32m200 [0m1.467 ms - 67[0m
[0mGET /get/omit?issue=2017042401 [32m200 [0m4.515 ms - 76[0m
[0mGET /get/opencode?issue=2017042401 [32m200 [0m1.514 ms - 52[0m
[0mGET /get/state [32m200 [0m1.220 ms - 67[0m
[0mGET /get/omit?issue=2017042401 [32m200 [0m3.724 ms - 79[0m
[0mGET /get/opencode?issue=2017042401 [36m304 [0m3.521 ms - -[0m
[0mGET /get/state [32m200 [0m1.142 ms - 67[0m
[0mGET /get/omit?issue=2017042401 [32m200 [0m5.697 ms - 79[0m
[0mGET /get/opencode?issue=2017042401 [32m200 [0m2.207 ms - 52[0m
[0mGET /get/state [32m200 [0m0.437 ms - 67[0m
[0mGET /get/omit?issue=2017042401 [32m200 [0m4.977 ms - 84[0m
[0mGET /get/opencode?issue=2017042401 [32m200 [0m5.882 ms - 52[0m
[0mGET /get/state [32m200 [0m1.421 ms - 67[0m
[0mGET /get/omit?issue=2017042401 [32m200 [0m4.563 ms - 79[0m
[0mGET /get/opencode?issue=2017042401 [32m200 [0m2.208 ms - 52[0m
[0mGET /get/state [32m200 [0m2.516 ms - 67[0m
[0mGET /get/omit?issue=2017042401 [32m200 [0m6.323 ms - 80[0m
[0mGET /get/opencode?issue=2017042401 [32m200 [0m1.681 ms - 52[0m
[0mGET /get/state [32m200 [0m2.650 ms - 67[0m
[0mGET /get/omit?issue=2017042401 [32m200 [0m4.608 ms - 81[0m
[0mGET /get/opencode?issue=2017042401 [32m200 [0m2.542 ms - 52[0m
[0mGET /get/state [32m200 [0m0.545 ms - 67[0m
[0mGET /get/omit?issue=2017042401 [32m200 [0m15.144 ms - 78[0m
[0mGET /get/opencode?issue=2017042401 [32m200 [0m8.304 ms - 52[0m
[0mGET /get/state [32m200 [0m2.277 ms - 67[0m
[0mGET /get/omit?issue=2017042401 [32m200 [0m4.766 ms - 75[0m
[0mGET /get/opencode?issue=2017042401 [32m200 [0m6.006 ms - 52[0m
[0mGET /get/state [32m200 [0m1.234 ms - 67[0m
[0mGET /get/omit?issue=2017042401 [32m200 [0m4.538 ms - 77[0m
[0mGET /get/opencode?issue=2017042401 [32m200 [0m1.966 ms - 52[0m
[0mGET /get/state [32m200 [0m3.576 ms - 67[0m
[0mGET /get/omit?issue=2017042401 [32m200 [0m4.461 ms - 77[0m
[0mGET /get/opencode?issue=2017042401 [32m200 [0m5.447 ms - 52[0m
[0mGET /get/state [32m200 [0m0.929 ms - 67[0m
[0mGET /get/omit?issue=2017042401 [32m200 [0m3.613 ms - 79[0m
[0mGET /get/opencode?issue=2017042401 [32m200 [0m1.613 ms - 52[0m
[0mGET /get/state [32m200 [0m0.556 ms - 67[0m
[0mGET /get/omit?issue=2017042401 [32m200 [0m3.742 ms - 79[0m
[0mGET /get/opencode?issue=2017042401 [32m200 [0m1.831 ms - 52[0m
[0mGET /get/state [32m200 [0m0.531 ms - 67[0m
[0mGET /get/omit?issue=2017042401 [32m200 [0m3.216 ms - 78[0m
[0mGET /get/opencode?issue=2017042401 [32m200 [0m1.924 ms - 52[0m
[0mGET /get/state [32m200 [0m1.003 ms - 67[0m
[0mGET /get/omit?issue=2017042401 [32m200 [0m5.186 ms - 77[0m
[0mGET /get/opencode?issue=2017042401 [32m200 [0m1.820 ms - 52[0m
[0mGET /get/state [32m200 [0m0.690 ms - 67[0m
[0mGET /get/omit?issue=2017042401 [32m200 [0m4.998 ms - 81[0m
[0mGET /get/opencode?issue=2017042401 [32m200 [0m8.600 ms - 52[0m
[0mGET /get/state [32m200 [0m0.867 ms - 67[0m
[0mGET /get/omit?issue=2017042401 [32m200 [0m6.674 ms - 76[0m
[0mGET /get/opencode?issue=2017042401 [32m200 [0m2.045 ms - 52[0m
[0mGET /get/state [32m200 [0m0.797 ms - 67[0m
[0mGET /get/omit?issue=2017042401 [32m200 [0m4.333 ms - 77[0m
[0mGET /get/opencode?issue=2017042401 [32m200 [0m2.820 ms - 52[0m
[0mGET /get/state [32m200 [0m0.649 ms - 67[0m
[0mGET /get/omit?issue=2017042401 [32m200 [0m4.007 ms - 75[0m
[0mGET /get/opencode?issue=2017042401 [32m200 [0m1.705 ms - 52[0m
[0mGET /get/state [32m200 [0m0.493 ms - 67[0m
[0mGET /get/omit?issue=2017042401 [32m200 [0m4.781 ms - 78[0m
[0mGET /get/opencode?issue=2017042401 [32m200 [0m6.152 ms - 52[0m
[0mGET /get/state [32m200 [0m0.935 ms - 67[0m
[0mGET /get/omit?issue=2017042401 [32m200 [0m3.610 ms - 81[0m
[0mGET /get/opencode?issue=2017042401 [32m200 [0m1.556 ms - 52[0m
[0mGET /get/state [32m200 [0m1.947 ms - 67[0m
[0mGET /get/omit?issue=2017042401 [32m200 [0m5.393 ms - 80[0m
[0mGET /get/opencode?issue=2017042401 [32m200 [0m7.078 ms - 52[0m
[0mGET /get/state [32m200 [0m1.520 ms - 67[0m
[0mGET /get/omit?issue=2017042401 [32m200 [0m6.795 ms - 78[0m
[0mGET /get/opencode?issue=2017042401 [32m200 [0m2.467 ms - 52[0m
[0mGET /get/state [32m200 [0m1.151 ms - 67[0m
[0mGET /get/omit?issue=2017042401 [32m200 [0m5.516 ms - 81[0m
[0mGET /get/opencode?issue=2017042401 [32m200 [0m2.210 ms - 52[0m
[0mGET /get/state [32m200 [0m1.146 ms - 67[0m
[0mGET /get/omit?issue=2017042401 [32m200 [0m14.517 ms - 75[0m
[0mGET /get/opencode?issue=2017042401 [32m200 [0m1.353 ms - 52[0m
[0mGET /get/state [32m200 [0m0.491 ms - 67[0m
[0mGET /get/omit?issue=2017042401 [32m200 [0m5.744 ms - 80[0m
[0mGET /get/opencode?issue=2017042401 [32m200 [0m1.552 ms - 52[0m
[0mGET /get/state [32m200 [0m0.762 ms - 67[0m
[0mGET /get/omit?issue=2017042401 [32m200 [0m2.867 ms - 75[0m
[0mGET /get/opencode?issue=2017042401 [32m200 [0m1.832 ms - 52[0m
[0mGET /get/state [32m200 [0m0.585 ms - 67[0m
[0mGET /get/omit?issue=2017042401 [32m200 [0m2.896 ms - 81[0m
[0mGET /get/opencode?issue=2017042401 [36m304 [0m3.583 ms - -[0m
[0mGET /get/state [32m200 [0m0.840 ms - 67[0m
[0mGET /get/omit?issue=2017042401 [32m200 [0m3.941 ms - 82[0m
[0mGET /get/opencode?issue=2017042401 [32m200 [0m1.135 ms - 52[0m
[0mGET /get/state [32m200 [0m0.480 ms - 67[0m
[0mGET /get/omit?issue=2017042401 [32m200 [0m3.837 ms - 78[0m
[0mGET /get/opencode?issue=2017042401 [32m200 [0m3.840 ms - 52[0m
[0mGET /get/state [32m200 [0m0.712 ms - 67[0m
[0mGET /get/omit?issue=2017042401 [32m200 [0m3.967 ms - 78[0m
[0mGET /get/opencode?issue=2017042401 [32m200 [0m2.371 ms - 52[0m
[0mGET /get/state [32m200 [0m1.203 ms - 67[0m
[0mGET /get/omit?issue=2017042401 [32m200 [0m4.310 ms - 76[0m
[0mGET /get/opencode?issue=2017042401 [32m200 [0m1.353 ms - 52[0m
[0mGET /get/state [32m200 [0m1.292 ms - 67[0m
[0mGET /get/omit?issue=2017042401 [32m200 [0m3.388 ms - 82[0m
[0mGET /get/opencode?issue=2017042401 [32m200 [0m1.152 ms - 52[0m
[0mGET /get/state [32m200 [0m0.507 ms - 67[0m
[0mGET /get/omit?issue=2017042401 [32m200 [0m3.713 ms - 79[0m
[0mGET /get/opencode?issue=2017042401 [32m200 [0m1.311 ms - 52[0m
[0mGET /get/state [32m200 [0m0.603 ms - 67[0m
[0mGET /get/omit?issue=2017042401 [32m200 [0m2.418 ms - 78[0m
[0mGET /get/opencode?issue=2017042401 [32m200 [0m1.991 ms - 52[0m
[0mGET /get/state [32m200 [0m0.505 ms - 67[0m
[0mGET /get/omit?issue=2017042401 [32m200 [0m3.304 ms - 80[0m
[0mGET /get/opencode?issue=2017042401 [32m200 [0m1.482 ms - 52[0m
[0mGET /get/state [32m200 [0m0.510 ms - 67[0m
[0mGET /get/omit?issue=2017042401 [32m200 [0m4.621 ms - 77[0m
[0mGET /get/opencode?issue=2017042401 [32m200 [0m4.902 ms - 52[0m
[0mGET /get/state [32m200 [0m1.130 ms - 67[0m
[0mGET /get/omit?issue=2017042401 [32m200 [0m4.034 ms - 78[0m
[0mGET /get/opencode?issue=2017042401 [32m200 [0m1.469 ms - 52[0m
[0mGET /get/state [32m200 [0m0.807 ms - 67[0m
[0mGET /get/omit?issue=2017042401 [32m200 [0m4.724 ms - 79[0m
[0mGET /get/opencode?issue=2017042401 [32m200 [0m5.828 ms - 52[0m
[0mGET /get/state [32m200 [0m1.249 ms - 67[0m
[0mGET /get/omit?issue=2017042401 [32m200 [0m3.895 ms - 80[0m
[0mGET /get/opencode?issue=2017042401 [32m200 [0m1.434 ms - 52[0m
[0mGET /get/state [32m200 [0m0.751 ms - 67[0m
[0mGET /get/omit?issue=2017042401 [32m200 [0m4.138 ms - 82[0m
[0mGET /get/opencode?issue=2017042401 [32m200 [0m5.644 ms - 52[0m
[0mGET /get/state [32m200 [0m0.633 ms - 67[0m
[0mGET /get/omit?issue=2017042401 [32m200 [0m5.708 ms - 82[0m
[0mGET /get/opencode?issue=2017042401 [32m200 [0m6.794 ms - 52[0m
[0mGET /get/state [32m200 [0m1.265 ms - 67[0m
[0mGET /get/omit?issue=2017042401 [32m200 [0m4.092 ms - 78[0m
[0mGET /get/opencode?issue=2017042401 [36m304 [0m1.462 ms - -[0m
[0mGET /get/state [32m200 [0m0.532 ms - 67[0m
[0mGET /get/omit?issue=2017042401 [32m200 [0m4.601 ms - 79[0m
[0mGET /get/opencode?issue=2017042401 [32m200 [0m5.548 ms - 52[0m
[0mGET /get/state [32m200 [0m1.178 ms - 67[0m
[0mGET /get/omit?issue=2017042401 [32m200 [0m4.028 ms - 81[0m
[0mGET /get/opencode?issue=2017042401 [32m200 [0m1.832 ms - 52[0m
[0mGET /get/state [32m200 [0m0.828 ms - 67[0m
[0mGET /get/omit?issue=2017042401 [32m200 [0m3.768 ms - 78[0m
[0mGET /get/opencode?issue=2017042401 [32m200 [0m1.663 ms - 52[0m
[0mGET /get/state [32m200 [0m0.485 ms - 67[0m
[0mGET /get/omit?issue=2017042401 [32m200 [0m5.618 ms - 81[0m
[0mGET /get/opencode?issue=2017042401 [32m200 [0m5.695 ms - 52[0m
[0mGET /get/state [32m200 [0m0.765 ms - 67[0m
[0mGET /get/omit?issue=2017042401 [32m200 [0m3.596 ms - 78[0m
[0mGET /get/opencode?issue=2017042401 [36m304 [0m4.844 ms - -[0m
[0mGET /get/state [32m200 [0m1.134 ms - 67[0m
[0mGET /get/omit?issue=2017042401 [32m200 [0m3.648 ms - 79[0m
[0mGET /get/opencode?issue=2017042401 [32m200 [0m5.112 ms - 52[0m
[0mGET /get/state [32m200 [0m0.472 ms - 67[0m
[0mGET /get/omit?issue=2017042401 [32m200 [0m3.904 ms - 82[0m
[0mGET /get/opencode?issue=2017042401 [32m200 [0m2.816 ms - 52[0m
[0mGET /get/state [32m200 [0m0.911 ms - 67[0m
[0mGET /get/omit?issue=2017042401 [32m200 [0m3.487 ms - 80[0m
[0mGET /get/opencode?issue=2017042401 [32m200 [0m1.400 ms - 52[0m
[0mGET /get/state [32m200 [0m0.694 ms - 67[0m
[0mGET /get/omit?issue=2017042401 [32m200 [0m4.620 ms - 78[0m
[0mGET /get/opencode?issue=2017042401 [32m200 [0m7.447 ms - 52[0m
[0mGET /get/state [32m200 [0m0.656 ms - 67[0m
[0mGET /get/omit?issue=2017042401 [32m200 [0m4.420 ms - 81[0m
[0mGET /get/opencode?issue=2017042401 [32m200 [0m5.388 ms - 52[0m
[0mGET /get/state [32m200 [0m0.964 ms - 67[0m
[0mGET /get/omit?issue=2017042401 [32m200 [0m5.383 ms - 75[0m
[0mGET /get/opencode?issue=2017042401 [36m304 [0m3.800 ms - -[0m
[0mGET /get/state [32m200 [0m0.845 ms - 67[0m
[0mGET /get/omit?issue=2017042401 [32m200 [0m4.663 ms - 83[0m
[0mGET /get/opencode?issue=2017042401 [32m200 [0m2.549 ms - 52[0m
[0mGET /get/state [32m200 [0m0.818 ms - 67[0m
[0mGET /get/omit?issue=2017042401 [32m200 [0m4.247 ms - 79[0m
[0mGET /get/opencode?issue=2017042401 [32m200 [0m5.551 ms - 52[0m
[0mGET /get/state [32m200 [0m0.782 ms - 67[0m
[0mGET /get/omit?issue=2017042401 [32m200 [0m5.174 ms - 80[0m
[0mGET /get/opencode?issue=2017042401 [32m200 [0m7.048 ms - 52[0m
[0mGET /get/state [32m200 [0m0.502 ms - 67[0m
[0mGET /get/omit?issue=2017042401 [32m200 [0m17.520 ms - 77[0m
[0mGET /get/opencode?issue=2017042401 [32m200 [0m20.728 ms - 52[0m
[0mGET /get/state [32m200 [0m1.043 ms - 67[0m
[0mGET /get/omit?issue=2017042401 [32m200 [0m5.505 ms - 76[0m
[0mGET /get/opencode?issue=2017042401 [32m200 [0m1.316 ms - 52[0m
[0mGET /get/state [32m200 [0m0.943 ms - 67[0m
[0mGET /get/omit?issue=2017042401 [32m200 [0m5.448 ms - 81[0m
[0mGET /get/opencode?issue=2017042401 [32m200 [0m1.671 ms - 52[0m
[0mGET /get/state [32m200 [0m0.517 ms - 67[0m
[0mGET /get/omit?issue=2017042401 [32m200 [0m4.023 ms - 82[0m
[0mGET /get/opencode?issue=2017042401 [32m200 [0m5.725 ms - 52[0m
[0mGET /get/state [32m200 [0m0.816 ms - 67[0m
[0mGET /get/omit?issue=2017042401 [32m200 [0m4.651 ms - 80[0m
[0mGET /get/opencode?issue=2017042401 [32m200 [0m2.225 ms - 52[0m
[0mGET /get/state [32m200 [0m1.510 ms - 67[0m
[0mGET /get/omit?issue=2017042401 [32m200 [0m5.015 ms - 77[0m
[0mGET /get/opencode?issue=2017042401 [32m200 [0m1.618 ms - 52[0m
[0mGET /get/state [32m200 [0m1.708 ms - 67[0m
[0mGET /get/omit?issue=2017042401 [32m200 [0m8.860 ms - 78[0m
[0mGET /get/opencode?issue=2017042401 [32m200 [0m1.859 ms - 52[0m
[0mGET /get/state [32m200 [0m0.562 ms - 67[0m
[0mGET /get/omit?issue=2017042401 [32m200 [0m3.625 ms - 76[0m
[0mGET /get/opencode?issue=2017042401 [32m200 [0m3.499 ms - 52[0m
[0mGET /get/state [32m200 [0m1.284 ms - 67[0m
[0mGET /get/omit?issue=2017042401 [32m200 [0m5.663 ms - 74[0m
[0mGET /get/opencode?issue=2017042401 [32m200 [0m7.201 ms - 52[0m
[0mGET /get/state [32m200 [0m0.563 ms - 67[0m
[0mGET /get/omit?issue=2017042401 [32m200 [0m5.292 ms - 80[0m
[0mGET /get/opencode?issue=2017042401 [32m200 [0m5.600 ms - 52[0m
[0mGET /get/state [32m200 [0m0.806 ms - 67[0m
[0mGET /get/omit?issue=2017042401 [32m200 [0m5.369 ms - 76[0m
[0mGET /get/opencode?issue=2017042401 [32m200 [0m6.699 ms - 52[0m
[0mGET /get/state [32m200 [0m1.037 ms - 67[0m
[0mGET /get/omit?issue=2017042401 [32m200 [0m3.563 ms - 77[0m
[0mGET /get/opencode?issue=2017042401 [32m200 [0m4.886 ms - 52[0m
[0mGET /get/state [32m200 [0m0.871 ms - 67[0m
[0mGET /get/omit?issue=2017042401 [32m200 [0m3.635 ms - 77[0m
[0mGET /get/opencode?issue=2017042401 [32m200 [0m1.699 ms - 52[0m
[0mGET /get/state [32m200 [0m0.918 ms - 67[0m
[0mGET /get/omit?issue=2017042401 [32m200 [0m4.303 ms - 78[0m
[0mGET /get/opencode?issue=2017042401 [32m200 [0m1.395 ms - 52[0m
[0mGET /get/state [32m200 [0m0.797 ms - 67[0m
[0mGET /get/omit?issue=2017042401 [32m200 [0m3.721 ms - 77[0m
[0mGET /get/opencode?issue=2017042401 [32m200 [0m5.119 ms - 52[0m
[0mGET /get/state [32m200 [0m0.806 ms - 67[0m
[0mGET /get/omit?issue=2017042401 [32m200 [0m4.060 ms - 78[0m
[0mGET /get/opencode?issue=2017042401 [32m200 [0m5.870 ms - 52[0m
[0mGET /get/state [32m200 [0m1.264 ms - 67[0m
[0mGET /get/omit?issue=2017042401 [32m200 [0m4.119 ms - 81[0m
[0mGET /get/opencode?issue=2017042401 [32m200 [0m5.300 ms - 52[0m
[0mGET /get/state [32m200 [0m1.010 ms - 67[0m
[0mGET /get/omit?issue=2017042401 [32m200 [0m3.092 ms - 77[0m
[0mGET /get/opencode?issue=2017042401 [32m200 [0m4.878 ms - 52[0m
[0mGET /get/state [32m200 [0m0.845 ms - 67[0m
[0mGET /get/omit?issue=2017042401 [32m200 [0m2.558 ms - 82[0m
[0mGET /get/opencode?issue=2017042401 [32m200 [0m3.736 ms - 52[0m
[0mGET /get/state [32m200 [0m0.832 ms - 67[0m
[0mGET /get/omit?issue=2017042401 [32m200 [0m3.919 ms - 78[0m
[0mGET /get/opencode?issue=2017042401 [32m200 [0m5.423 ms - 52[0m
[0mGET /get/state [32m200 [0m0.382 ms - 67[0m
[0mGET /get/omit?issue=2017042401 [32m200 [0m3.317 ms - 80[0m
[0mGET /get/opencode?issue=2017042401 [32m200 [0m4.446 ms - 52[0m
[0mGET /get/state [32m200 [0m0.620 ms - 67[0m
[0mGET /get/omit?issue=2017042401 [32m200 [0m3.217 ms - 82[0m
[0mGET /get/opencode?issue=2017042401 [32m200 [0m1.803 ms - 52[0m
[0mGET /get/state [32m200 [0m0.584 ms - 67[0m
[0mGET /get/omit?issue=2017042401 [32m200 [0m6.894 ms - 77[0m
[0mGET /get/opencode?issue=2017042401 [32m200 [0m10.362 ms - 52[0m
[0mGET /get/state [32m200 [0m0.914 ms - 67[0m
[0mGET /get/omit?issue=2017042401 [32m200 [0m4.822 ms - 78[0m
[0mGET /get/opencode?issue=2017042401 [32m200 [0m6.630 ms - 52[0m
[0mGET /get/state [32m200 [0m1.140 ms - 67[0m
[0mGET /get/omit?issue=2017042401 [32m200 [0m6.830 ms - 76[0m
[0mGET /get/opencode?issue=2017042401 [32m200 [0m1.877 ms - 52[0m
[0mGET /get/state [32m200 [0m0.692 ms - 67[0m
[0mGET /get/omit?issue=2017042401 [32m200 [0m5.512 ms - 80[0m
[0mGET /get/opencode?issue=2017042401 [32m200 [0m12.236 ms - 52[0m
[0mGET /get/state [32m200 [0m2.833 ms - 67[0m
[0mGET /get/omit?issue=2017042401 [32m200 [0m5.887 ms - 74[0m
[0mGET /get/opencode?issue=2017042401 [32m200 [0m12.076 ms - 52[0m
[0mGET /get/state [32m200 [0m0.542 ms - 67[0m
[0mGET /get/omit?issue=2017042401 [32m200 [0m6.129 ms - 79[0m
[0mGET /get/opencode?issue=2017042401 [32m200 [0m8.302 ms - 52[0m
[0mGET /get/state [32m200 [0m0.822 ms - 67[0m
[0mGET /get/omit?issue=2017042401 [32m200 [0m3.418 ms - 79[0m
[0mGET /get/opencode?issue=2017042401 [32m200 [0m1.581 ms - 52[0m
[0mGET /get/state [32m200 [0m0.799 ms - 67[0m
[0mGET /get/omit?issue=2017042401 [32m200 [0m3.941 ms - 78[0m
[0mGET /get/opencode?issue=2017042401 [32m200 [0m5.043 ms - 52[0m
[0mGET /get/state [32m200 [0m0.740 ms - 67[0m
[0mGET /get/omit?issue=2017042401 [32m200 [0m2.979 ms - 82[0m
[0mGET /get/opencode?issue=2017042401 [32m200 [0m3.154 ms - 52[0m
[0mGET /get/state [32m200 [0m0.464 ms - 67[0m
[0mGET /get/omit?issue=2017042401 [32m200 [0m3.000 ms - 80[0m
[0mGET /get/opencode?issue=2017042401 [32m200 [0m1.265 ms - 52[0m
[0mGET /get/state [32m200 [0m0.495 ms - 67[0m
[0mGET /get/omit?issue=2017042401 [32m200 [0m3.700 ms - 78[0m
[0mGET /get/opencode?issue=2017042401 [32m200 [0m1.459 ms - 52[0m
[0mGET /get/state [32m200 [0m0.654 ms - 67[0m
[0mGET /get/omit?issue=2017042401 [32m200 [0m4.438 ms - 80[0m
[0mGET /get/opencode?issue=2017042401 [32m200 [0m5.537 ms - 52[0m
[0mGET /get/state [32m200 [0m0.558 ms - 67[0m
[0mGET /get/omit?issue=2017042401 [32m200 [0m4.837 ms - 77[0m
[0mGET /get/opencode?issue=2017042401 [32m200 [0m5.115 ms - 52[0m
[0mGET /get/state [32m200 [0m0.620 ms - 67[0m
[0mGET /get/omit?issue=2017042401 [32m200 [0m3.381 ms - 79[0m
[0mGET /get/opencode?issue=2017042401 [32m200 [0m4.315 ms - 52[0m
[0mGET /get/state [32m200 [0m0.887 ms - 67[0m
[0mGET /get/omit?issue=2017042401 [32m200 [0m4.436 ms - 79[0m
[0mGET /get/opencode?issue=2017042401 [32m200 [0m1.632 ms - 52[0m
[0mGET /get/state [32m200 [0m0.788 ms - 67[0m
[0mGET /get/omit?issue=2017042401 [32m200 [0m4.923 ms - 79[0m
[0mGET /get/opencode?issue=2017042401 [32m200 [0m6.176 ms - 52[0m
[0mGET /get/state [32m200 [0m11.105 ms - 67[0m
[0mGET /get/omit?issue=2017042401 [32m200 [0m8.959 ms - 77[0m
[0mGET /get/opencode?issue=2017042401 [32m200 [0m9.833 ms - 52[0m
[0mGET /get/state [32m200 [0m0.827 ms - 67[0m
[0mGET /get/omit?issue=2017042401 [32m200 [0m4.642 ms - 81[0m
[0mGET /get/opencode?issue=2017042401 [32m200 [0m1.753 ms - 52[0m
[0mGET /get/state [32m200 [0m1.714 ms - 67[0m
[0mGET /get/omit?issue=2017042401 [32m200 [0m8.654 ms - 77[0m
[0mGET /get/opencode?issue=2017042401 [32m200 [0m10.492 ms - 52[0m
[0mGET /get/state [32m200 [0m1.207 ms - 67[0m
[0mGET /get/omit?issue=2017042401 [32m200 [0m2.656 ms - 75[0m
[0mGET /get/opencode?issue=2017042401 [32m200 [0m1.305 ms - 52[0m
[0mGET /get/state [32m200 [0m0.541 ms - 67[0m
[0mGET /get/omit?issue=2017042401 [32m200 [0m3.145 ms - 76[0m
[0mGET /get/opencode?issue=2017042401 [32m200 [0m0.958 ms - 52[0m
[0mGET /get/state [32m200 [0m0.510 ms - 67[0m
[0mGET /get/omit?issue=2017042401 [32m200 [0m2.516 ms - 78[0m
[0mGET /get/opencode?issue=2017042401 [32m200 [0m1.153 ms - 52[0m
[0mGET /get/state [32m200 [0m0.884 ms - 67[0m
[0mGET /get/omit?issue=2017042401 [32m200 [0m3.337 ms - 82[0m
[0mGET /get/opencode?issue=2017042401 [32m200 [0m1.077 ms - 52[0m
[0mGET /get/state [32m200 [0m0.619 ms - 67[0m
[0mGET /get/omit?issue=2017042401 [32m200 [0m2.302 ms - 82[0m
[0mGET /get/opencode?issue=2017042401 [32m200 [0m1.178 ms - 52[0m
[0mGET /get/state [32m200 [0m0.604 ms - 67[0m
[0mGET /get/omit?issue=2017042401 [32m200 [0m2.929 ms - 73[0m
[0mGET /get/opencode?issue=2017042401 [32m200 [0m1.685 ms - 52[0m
[0mGET /get/state [32m200 [0m0.917 ms - 67[0m
[0mGET /get/omit?issue=2017042401 [32m200 [0m3.209 ms - 80[0m
[0mGET /get/opencode?issue=2017042401 [32m200 [0m1.319 ms - 52[0m
[0mGET /get/state [32m200 [0m0.832 ms - 67[0m
[0mGET /get/omit?issue=2017042401 [32m200 [0m2.664 ms - 76[0m
[0mGET /get/opencode?issue=2017042401 [32m200 [0m1.706 ms - 52[0m
[0mGET /get/state [32m200 [0m0.711 ms - 67[0m
[0mGET /get/omit?issue=2017042401 [32m200 [0m3.532 ms - 75[0m
[0mGET /get/opencode?issue=2017042401 [32m200 [0m1.316 ms - 52[0m
[0mGET /get/state [32m200 [0m1.024 ms - 67[0m
[0mGET /get/omit?issue=2017042401 [32m200 [0m2.876 ms - 80[0m
[0mGET /get/opencode?issue=2017042401 [32m200 [0m1.567 ms - 52[0m
[0mGET /get/state [32m200 [0m0.898 ms - 67[0m
[0mGET /get/omit?issue=2017042401 [32m200 [0m3.432 ms - 78[0m
[0mGET /get/opencode?issue=2017042401 [32m200 [0m1.688 ms - 52[0m
[0mGET /get/state [32m200 [0m0.718 ms - 67[0m
[0mGET /get/omit?issue=2017042401 [32m200 [0m2.584 ms - 80[0m
[0mGET /get/opencode?issue=2017042401 [32m200 [0m1.089 ms - 52[0m
[0mGET /get/state [32m200 [0m0.416 ms - 67[0m
[0mGET /get/omit?issue=2017042401 [32m200 [0m4.151 ms - 80[0m
[0mGET /get/opencode?issue=2017042401 [32m200 [0m5.553 ms - 52[0m
[0mGET /get/state [32m200 [0m0.921 ms - 67[0m
[0mGET /get/omit?issue=2017042401 [32m200 [0m3.604 ms - 77[0m
[0mGET /get/opencode?issue=2017042401 [32m200 [0m1.316 ms - 52[0m
[0mGET /get/state [32m200 [0m0.443 ms - 67[0m
[0mGET /get/omit?issue=2017042401 [32m200 [0m3.623 ms - 77[0m
[0mGET /get/opencode?issue=2017042401 [32m200 [0m1.524 ms - 52[0m
[0mGET /get/state [32m200 [0m1.024 ms - 67[0m
[0mGET /get/omit?issue=2017042401 [32m200 [0m3.044 ms - 79[0m
[0mGET /get/opencode?issue=2017042401 [32m200 [0m1.451 ms - 52[0m
[0mGET /get/state [32m200 [0m0.511 ms - 67[0m
[0mGET /get/omit?issue=2017042401 [32m200 [0m4.674 ms - 77[0m
[0mGET /get/opencode?issue=2017042401 [32m200 [0m1.336 ms - 52[0m
[0mGET /get/state [32m200 [0m2.172 ms - 67[0m
[0mGET /get/omit?issue=2017042401 [32m200 [0m4.560 ms - 75[0m
[0mGET /get/opencode?issue=2017042401 [32m200 [0m1.737 ms - 52[0m
[0mGET / [36m304 [0m20.517 ms - -[0m
[0mGET /css/reset.css [36m304 [0m7.738 ms - -[0m
[0mGET /css/layout.css [36m304 [0m9.094 ms - -[0m
[0mGET /css/lottery.css [36m304 [0m9.142 ms - -[0m
[0mGET /js/index.js [36m304 [0m11.177 ms - -[0m
[0mGET /get/state [32m200 [0m2.743 ms - 67[0m
[0mGET /get/state [32m200 [0m0.943 ms - 67[0m
[0mGET /get/omit?issue=2017042401 [32m200 [0m19.158 ms - 79[0m
[0mGET /get/opencode?issue=2017042401 [32m200 [0m23.443 ms - 52[0m
[0mGET /get/state [32m200 [0m1.065 ms - 67[0m
[0mGET /get/omit?issue=2017042401 [32m200 [0m5.593 ms - 83[0m
[0mGET /get/opencode?issue=2017042401 [32m200 [0m5.401 ms - 52[0m
[0mGET /get/state [32m200 [0m1.067 ms - 67[0m
[0mGET /get/omit?issue=2017042401 [32m200 [0m8.969 ms - 77[0m
[0mGET /get/opencode?issue=2017042401 [32m200 [0m11.109 ms - 52[0m
[0mGET /get/state [32m200 [0m1.244 ms - 67[0m
[0mGET /get/omit?issue=2017042401 [32m200 [0m5.158 ms - 81[0m
[0mGET /get/opencode?issue=2017042401 [32m200 [0m2.701 ms - 52[0m
[0mGET /get/state [32m200 [0m1.212 ms - 67[0m
[0mGET /get/omit?issue=2017042401 [32m200 [0m5.029 ms - 82[0m
[0mGET /get/opencode?issue=2017042401 [32m200 [0m10.476 ms - 52[0m
[0mGET /get/state [32m200 [0m0.684 ms - 67[0m
[0mGET /get/omit?issue=2017042401 [32m200 [0m3.514 ms - 77[0m
[0mGET /get/opencode?issue=2017042401 [32m200 [0m2.595 ms - 52[0m
[0mGET /get/state [32m200 [0m1.276 ms - 67[0m
[0mGET /get/omit?issue=2017042401 [32m200 [0m4.294 ms - 80[0m
[0mGET /get/opencode?issue=2017042401 [32m200 [0m2.675 ms - 52[0m
[0mGET /get/state [32m200 [0m0.817 ms - 67[0m
[0mGET /get/omit?issue=2017042401 [32m200 [0m3.305 ms - 77[0m
[0mGET /get/opencode?issue=2017042401 [36m304 [0m4.977 ms - -[0m
[0mGET /get/state [32m200 [0m1.337 ms - 67[0m
[0mGET /get/omit?issue=2017042401 [32m200 [0m4.917 ms - 78[0m
[0mGET /get/opencode?issue=2017042401 [32m200 [0m2.574 ms - 52[0m
[0mGET /get/state [32m200 [0m2.114 ms - 67[0m
[0mGET /get/omit?issue=2017042401 [32m200 [0m4.938 ms - 76[0m
[0mGET /get/opencode?issue=2017042401 [32m200 [0m1.693 ms - 52[0m
[0mGET /get/state [32m200 [0m2.070 ms - 67[0m
[0mGET /get/omit?issue=2017042401 [32m200 [0m6.103 ms - 82[0m
[0mGET /get/opencode?issue=2017042401 [32m200 [0m1.578 ms - 52[0m
[0mGET /get/state [32m200 [0m1.077 ms - 67[0m
[0mGET /get/omit?issue=2017042401 [32m200 [0m5.213 ms - 77[0m
[0mGET /get/opencode?issue=2017042401 [32m200 [0m9.289 ms - 52[0m
[0mGET /get/state [32m200 [0m0.829 ms - 67[0m
[0mGET /get/omit?issue=2017042401 [32m200 [0m4.695 ms - 76[0m
[0mGET /get/opencode?issue=2017042401 [32m200 [0m2.325 ms - 52[0m
[0mGET /get/state [32m200 [0m0.610 ms - 67[0m
[0mGET /get/omit?issue=2017042401 [32m200 [0m4.910 ms - 77[0m
[0mGET /get/opencode?issue=2017042401 [32m200 [0m1.787 ms - 52[0m
[0mGET /get/state [32m200 [0m0.648 ms - 67[0m
[0mGET /get/omit?issue=2017042401 [32m200 [0m5.165 ms - 81[0m
[0mGET /get/opencode?issue=2017042401 [32m200 [0m1.740 ms - 52[0m
[0mGET /get/state [32m200 [0m1.025 ms - 67[0m
[0mGET /get/omit?issue=2017042401 [32m200 [0m3.770 ms - 76[0m
[0mGET /get/opencode?issue=2017042401 [32m200 [0m1.438 ms - 52[0m
[0mGET /get/state [32m200 [0m1.005 ms - 67[0m
[0mGET /get/omit?issue=2017042401 [32m200 [0m5.435 ms - 80[0m
[0mGET /get/opencode?issue=2017042401 [32m200 [0m2.197 ms - 52[0m
[0mGET /get/state [32m200 [0m0.551 ms - 67[0m
[0mGET /get/omit?issue=2017042401 [32m200 [0m6.656 ms - 79[0m
[0mGET /get/opencode?issue=2017042401 [32m200 [0m6.898 ms - 52[0m
[0mGET /get/state [32m200 [0m1.027 ms - 67[0m
[0mGET /get/omit?issue=2017042401 [32m200 [0m8.228 ms - 80[0m
[0mGET /get/opencode?issue=2017042401 [32m200 [0m2.226 ms - 52[0m
[0mGET /get/state [32m200 [0m0.816 ms - 67[0m
[0mGET /get/omit?issue=2017042401 [32m200 [0m4.904 ms - 76[0m
[0mGET /get/opencode?issue=2017042401 [32m200 [0m7.753 ms - 52[0m
/Users/ygh/es6/server/routes/index.js:34
			first_issue_date.getDate(),
			                ^

SyntaxError: Unexpected token .
    at exports.runInThisContext (vm.js:53:16)
    at Module._compile (module.js:387:25)
    at Object.Module._extensions..js (module.js:422:10)
    at Module.load (module.js:357:32)
    at Function.Module._load (module.js:314:12)
    at Module.require (module.js:367:17)
    at require (internal/module.js:16:19)
    at Object.<anonymous> (/Users/ygh/es6/server/app.js:8:14)
    at Module._compile (module.js:413:34)
    at Object.Module._extensions..js (module.js:422:10)
/Users/ygh/es6/server/routes/index.js:34
			first_issue_date.getDate(),
			                ^

SyntaxError: Unexpected token .
    at exports.runInThisContext (vm.js:53:16)
    at Module._compile (module.js:387:25)
    at Object.Module._extensions..js (module.js:422:10)
    at Module.load (module.js:357:32)
    at Function.Module._load (module.js:314:12)
    at Module.require (module.js:367:17)
    at require (internal/module.js:16:19)
    at Object.<anonymous> (/Users/ygh/es6/server/app.js:8:14)
    at Module._compile (module.js:413:34)
    at Object.Module._extensions..js (module.js:422:10)
[0mGET / [36m304 [0m21.680 ms - -[0m
[0mGET /css/reset.css [32m200 [0m17.796 ms - 1211[0m
[0mGET /css/layout.css [32m200 [0m16.513 ms - 80463[0m
[0mGET /css/lottery.css [32m200 [0m17.215 ms - 102432[0m
[0mGET /js/index.js [32m200 [0m17.113 ms - 577094[0m
{ first: 24, today: 24 }
[0mGET /get/state [32m200 [0m22.602 ms - 67[0m
{ first: 24, today: 24 }
[0mGET /get/state [32m200 [0m1.188 ms - 67[0m
[0mGET /get/omit?issue=2017042401 [32m200 [0m15.272 ms - 79[0m
{ first: 24, today: 24 }
[0mGET /get/opencode?issue=2017042401 [32m200 [0m20.735 ms - 52[0m
{ first: 24, today: 24 }
[0mGET /get/state [32m200 [0m0.763 ms - 67[0m
[0mGET /get/omit?issue=2017042401 [32m200 [0m7.244 ms - 82[0m
{ first: 24, today: 24 }
[0mGET /get/opencode?issue=2017042401 [32m200 [0m5.752 ms - 52[0m
{ first: 24, today: 24 }
[0mGET /get/state [32m200 [0m2.991 ms - 67[0m
[0mGET /get/omit?issue=2017042401 [32m200 [0m8.551 ms - 80[0m
{ first: 24, today: 24 }
[0mGET /get/opencode?issue=2017042401 [32m200 [0m5.923 ms - 52[0m
{ first: 24, today: 24 }
[0mGET /get/state [32m200 [0m2.048 ms - 67[0m
[0mGET /get/omit?issue=2017042401 [32m200 [0m5.479 ms - 75[0m
{ first: 24, today: 24 }
[0mGET /get/opencode?issue=2017042401 [32m200 [0m2.783 ms - 52[0m
{ first: 24, today: 24 }
[0mGET /get/state [32m200 [0m0.751 ms - 67[0m
[0mGET /get/omit?issue=2017042401 [32m200 [0m8.648 ms - 81[0m
{ first: 24, today: 24 }
[0mGET /get/opencode?issue=2017042401 [32m200 [0m3.978 ms - 52[0m
{ first: 24, today: 24 }
[0mGET /get/state [32m200 [0m1.366 ms - 67[0m
[0mGET /get/omit?issue=2017042401 [32m200 [0m6.287 ms - 78[0m
{ first: 24, today: 24 }
[0mGET /get/opencode?issue=2017042401 [32m200 [0m3.727 ms - 52[0m
{ first: 24, today: 24 }
[0mGET /get/state [32m200 [0m1.450 ms - 67[0m
[0mGET /get/omit?issue=2017042401 [32m200 [0m6.231 ms - 76[0m
{ first: 24, today: 24 }
[0mGET /get/opencode?issue=2017042401 [32m200 [0m3.563 ms - 52[0m
{ first: 24, today: 24 }
[0mGET /get/state [32m200 [0m1.294 ms - 67[0m
[0mGET /get/omit?issue=2017042401 [32m200 [0m3.630 ms - 78[0m
{ first: 24, today: 24 }
[0mGET /get/opencode?issue=2017042401 [32m200 [0m4.083 ms - 52[0m
{ first: 24, today: 24 }
[0mGET /get/state [32m200 [0m1.729 ms - 67[0m
[0mGET /get/omit?issue=2017042401 [32m200 [0m6.721 ms - 79[0m
{ first: 24, today: 24 }
[0mGET /get/opencode?issue=2017042401 [32m200 [0m8.561 ms - 52[0m
{ first: 24, today: 24 }
[0mGET /get/state [32m200 [0m1.288 ms - 67[0m
[0mGET /get/omit?issue=2017042401 [32m200 [0m4.049 ms - 80[0m
{ first: 24, today: 24 }
[0mGET /get/opencode?issue=2017042401 [32m200 [0m1.680 ms - 52[0m
{ first: 24, today: 24 }
[0mGET /get/state [32m200 [0m0.814 ms - 67[0m
[0mGET /get/omit?issue=2017042401 [32m200 [0m5.129 ms - 80[0m
{ first: 24, today: 24 }
[0mGET /get/opencode?issue=2017042401 [32m200 [0m1.733 ms - 52[0m
{ first: 24, today: 24 }
[0mGET /get/state [32m200 [0m1.004 ms - 67[0m
[0mGET /get/omit?issue=2017042401 [32m200 [0m7.116 ms - 76[0m
{ first: 24, today: 24 }
[0mGET /get/opencode?issue=2017042401 [32m200 [0m4.845 ms - 52[0m
{ first: 24, today: 24 }
[0mGET /get/state [32m200 [0m0.575 ms - 67[0m
[0mGET /get/omit?issue=2017042401 [32m200 [0m5.602 ms - 82[0m
{ first: 24, today: 24 }
[0mGET /get/opencode?issue=2017042401 [32m200 [0m2.471 ms - 52[0m
{ first: 24, today: 24 }
[0mGET /get/state [32m200 [0m0.991 ms - 67[0m
[0mGET /get/omit?issue=2017042401 [32m200 [0m6.403 ms - 81[0m
{ first: 24, today: 24 }
[0mGET /get/opencode?issue=2017042401 [32m200 [0m8.916 ms - 52[0m
{ first: 24, today: 24 }
[0mGET /get/state [32m200 [0m2.553 ms - 67[0m
[0mGET /get/omit?issue=2017042401 [32m200 [0m6.225 ms - 76[0m
{ first: 24, today: 24 }
[0mGET /get/opencode?issue=2017042401 [32m200 [0m7.420 ms - 52[0m
{ first: 24, today: 24 }
[0mGET /get/state [32m200 [0m2.276 ms - 67[0m
[0mGET /get/omit?issue=2017042401 [32m200 [0m6.219 ms - 80[0m
{ first: 24, today: 24 }
[0mGET /get/opencode?issue=2017042401 [32m200 [0m7.965 ms - 52[0m
[0mGET / [36m304 [0m28.181 ms - -[0m
[0mGET /css/reset.css [36m304 [0m14.588 ms - -[0m
[0mGET /css/layout.css [36m304 [0m14.994 ms - -[0m
[0mGET /css/lottery.css [36m304 [0m14.904 ms - -[0m
[0mGET /js/index.js [36m304 [0m13.964 ms - -[0m
{ end: 24, today: 24 }
[0mGET /get/state [32m200 [0m17.576 ms - 70[0m
[0mGET / [32m200 [0m20.693 ms - 13038[0m
[0mGET /css/reset.css [32m200 [0m5.145 ms - 1211[0m
[0mGET /css/layout.css [32m200 [0m6.692 ms - 80463[0m
[0mGET /css/lottery.css [32m200 [0m5.873 ms - 102432[0m
[0mGET /js/index.js [32m200 [0m6.099 ms - 577094[0m
[0mGET /get/state [32m200 [0m5.251 ms - 70[0m
[0mGET / [36m304 [0m16.766 ms - -[0m
[0mGET /css/reset.css [36m304 [0m4.289 ms - -[0m
[0mGET /css/layout.css [36m304 [0m4.474 ms - -[0m
[0mGET /css/lottery.css [36m304 [0m4.410 ms - -[0m
[0mGET /js/index.js [36m304 [0m4.521 ms - -[0m
[0mGET /get/state [32m200 [0m4.011 ms - 70[0m
/Users/ygh/es6/server/routes/index.js:33
		let today_end=new Date();
		^^^

SyntaxError: Block-scoped declarations (let, const, function, class) not yet supported outside strict mode
    at exports.runInThisContext (vm.js:53:16)
    at Module._compile (module.js:387:25)
    at Object.Module._extensions..js (module.js:422:10)
    at Module.load (module.js:357:32)
    at Function.Module._load (module.js:314:12)
    at Module.require (module.js:367:17)
    at require (internal/module.js:16:19)
    at Object.<anonymous> (/Users/ygh/es6/server/app.js:8:14)
    at Module._compile (module.js:413:34)
    at Object.Module._extensions..js (module.js:422:10)
[0mGET / [36m304 [0m18.903 ms - -[0m
[0mGET /css/reset.css [32m200 [0m9.922 ms - 1211[0m
[0mGET /css/layout.css [32m200 [0m14.218 ms - 80463[0m
[0mGET /css/lottery.css [32m200 [0m15.359 ms - 102432[0m
[0mGET /js/index.js [32m200 [0m16.423 ms - 577094[0m
[0mGET /get/state [32m200 [0m2.396 ms - 70[0m
[0mGET / [36m304 [0m2.702 ms - -[0m
[0mGET /css/reset.css [36m304 [0m3.163 ms - -[0m
[0mGET /css/layout.css [36m304 [0m3.850 ms - -[0m
[0mGET /css/lottery.css [36m304 [0m1.664 ms - -[0m
[0mGET /js/index.js [36m304 [0m1.517 ms - -[0m
[0mGET /get/state [32m200 [0m0.682 ms - 70[0m
[0mGET / [36m304 [0m2.059 ms - -[0m
[0mGET /css/reset.css [36m304 [0m1.788 ms - -[0m
[0mGET /css/layout.css [36m304 [0m1.353 ms - -[0m
[0mGET /css/lottery.css [36m304 [0m1.270 ms - -[0m
[0mGET /js/index.js [36m304 [0m1.454 ms - -[0m
[0mGET /get/state [32m200 [0m0.682 ms - 70[0m
[0mGET / [36m304 [0m1.924 ms - -[0m
[0mGET /css/reset.css [36m304 [0m2.623 ms - -[0m
[0mGET /css/layout.css [36m304 [0m2.681 ms - -[0m
[0mGET /css/lottery.css [36m304 [0m3.781 ms - -[0m
[0mGET /js/index.js [36m304 [0m4.071 ms - -[0m
[0mGET /get/state [32m200 [0m0.655 ms - 70[0m
[0mGET / [36m304 [0m2.100 ms - -[0m
[0mGET /css/reset.css [36m304 [0m4.321 ms - -[0m
[0mGET /css/layout.css [36m304 [0m3.431 ms - -[0m
[0mGET /css/lottery.css [36m304 [0m2.491 ms - -[0m
[0mGET /get/state [32m200 [0m0.541 ms - 70[0m
[0mGET /get/state [32m200 [0m0.665 ms - 70[0m
[0mGET /get/omit?issue=2016042501 [32m200 [0m13.568 ms - 80[0m
[0mGET /get/opencode?issue=2016042501 [32m200 [0m17.242 ms - 52[0m
[0mGET / [36m304 [0m2.165 ms - -[0m
[0mGET /css/reset.css [36m304 [0m2.008 ms - -[0m
[0mGET /css/layout.css [36m304 [0m1.917 ms - -[0m
[0mGET /css/lottery.css [36m304 [0m1.525 ms - -[0m
[0mGET /get/state [32m200 [0m0.625 ms - 70[0m
[0mGET / [36m304 [0m1.467 ms - -[0m
[0mGET /css/reset.css [36m304 [0m1.566 ms - -[0m
[0mGET /css/layout.css [36m304 [0m1.397 ms - -[0m
[0mGET /css/lottery.css [36m304 [0m2.154 ms - -[0m
[0mGET /get/state [32m200 [0m1.013 ms - 70[0m
[0mGET / [36m304 [0m1.914 ms - -[0m
[0mGET /css/reset.css [36m304 [0m1.537 ms - -[0m
[0mGET /css/layout.css [36m304 [0m1.398 ms - -[0m
[0mGET /css/lottery.css [36m304 [0m0.344 ms - -[0m
[0mGET /get/state [32m200 [0m0.580 ms - 67[0m
[0mGET /get/state [32m200 [0m0.830 ms - 70[0m
[0mGET /get/omit?issue=2017042469 [32m200 [0m4.893 ms - 77[0m
[0mGET /get/opencode?issue=2017042469 [32m200 [0m10.139 ms - 52[0m
[0mGET / [36m304 [0m1.274 ms - -[0m
[0mGET /css/reset.css [36m304 [0m0.391 ms - -[0m
[0mGET /css/layout.css [36m304 [0m0.889 ms - -[0m
[0mGET /css/lottery.css [36m304 [0m1.060 ms - -[0m
[0mGET /get/state [32m200 [0m1.117 ms - 70[0m
[0mGET / [36m304 [0m1.309 ms - -[0m
[0mGET /css/reset.css [36m304 [0m1.284 ms - -[0m
[0mGET /css/layout.css [36m304 [0m1.296 ms - -[0m
[0mGET /css/lottery.css [36m304 [0m1.279 ms - -[0m
[0mGET /get/state [32m200 [0m0.809 ms - 70[0m
[0mGET / [36m304 [0m1.507 ms - -[0m
[0mGET /css/reset.css [36m304 [0m2.123 ms - -[0m
[0mGET /css/layout.css [36m304 [0m2.156 ms - -[0m
[0mGET /css/lottery.css [36m304 [0m2.037 ms - -[0m
[0mGET /get/state [32m200 [0m0.581 ms - 70[0m
[0mGET / [36m304 [0m3.224 ms - -[0m
[0mGET /css/reset.css [36m304 [0m1.909 ms - -[0m
[0mGET /css/layout.css [36m304 [0m1.823 ms - -[0m
[0mGET /css/lottery.css [36m304 [0m1.760 ms - -[0m
[0mGET /get/state [32m200 [0m0.616 ms - 70[0m
[0mGET / [36m304 [0m3.317 ms - -[0m
[0mGET /css/reset.css [36m304 [0m1.456 ms - -[0m
[0mGET /css/layout.css [36m304 [0m1.244 ms - -[0m
[0mGET /css/lottery.css [36m304 [0m1.356 ms - -[0m
[0mGET /get/state [32m200 [0m0.666 ms - 70[0m
[0mGET /get/state [32m200 [0m0.906 ms - 70[0m
[0mGET /get/omit?issue=2017042401 [32m200 [0m7.358 ms - 78[0m
[0mGET /get/opencode?issue=2017042401 [32m200 [0m3.578 ms - 52[0m
[0mGET / [36m304 [0m1.646 ms - -[0m
[0mGET /css/reset.css [36m304 [0m3.247 ms - -[0m
[0mGET /css/layout.css [36m304 [0m3.135 ms - -[0m
[0mGET /css/lottery.css [36m304 [0m4.210 ms - -[0m
[0mGET /js/index.js [36m304 [0m4.324 ms - -[0m
[0mGET /get/state [32m200 [0m0.986 ms - 70[0m
[0mGET / [36m304 [0m1.778 ms - -[0m
[0mGET /css/reset.css [36m304 [0m1.839 ms - -[0m
[0mGET /css/layout.css [36m304 [0m1.649 ms - -[0m
[0mGET /css/lottery.css [36m304 [0m1.651 ms - -[0m
[0mGET /js/index.js [36m304 [0m2.502 ms - -[0m
[0mGET /get/state [32m200 [0m1.349 ms - 70[0m
[0mGET / [36m304 [0m14.602 ms - -[0m
[0mGET /css/reset.css [36m304 [0m6.861 ms - -[0m
[0mGET /css/layout.css [36m304 [0m6.060 ms - -[0m
[0mGET /css/lottery.css [36m304 [0m6.009 ms - -[0m
[0mGET /js/index.js [36m304 [0m5.970 ms - -[0m
[0mGET /get/state [32m200 [0m2.901 ms - 70[0m
[0mGET / [36m304 [0m4.347 ms - -[0m
[0mGET /css/reset.css [36m304 [0m2.561 ms - -[0m
[0mGET /css/layout.css [36m304 [0m2.085 ms - -[0m
[0mGET /css/lottery.css [36m304 [0m1.876 ms - -[0m
[0mGET /js/index.js [36m304 [0m1.559 ms - -[0m
[0mGET /get/state [32m200 [0m0.762 ms - 70[0m
[0mGET / [36m304 [0m16.359 ms - -[0m
[0mGET /css/reset.css [36m304 [0m4.018 ms - -[0m
[0mGET /css/layout.css [36m304 [0m5.012 ms - -[0m
[0mGET /css/lottery.css [36m304 [0m4.908 ms - -[0m
[0mGET /js/index.js [36m304 [0m4.979 ms - -[0m
[0mGET /get/state [32m200 [0m2.610 ms - 70[0m
[0mGET /css/reset.css [36m304 [0m1.360 ms - -[0m
[0mGET /css/layout.css [36m304 [0m1.585 ms - -[0m
[0mGET /css/lottery.css [36m304 [0m1.604 ms - -[0m
[0mGET / [36m304 [0m2.679 ms - -[0m
[0mGET /css/reset.css [36m304 [0m4.230 ms - -[0m
[0mGET /css/layout.css [36m304 [0m4.160 ms - -[0m
[0mGET /css/lottery.css [36m304 [0m3.915 ms - -[0m
[0mGET /js/index.js [36m304 [0m5.943 ms - -[0m
[0mGET /get/state [32m200 [0m0.871 ms - 70[0m
[0mGET / [36m304 [0m2.682 ms - -[0m
[0mGET /css/reset.css [36m304 [0m5.307 ms - -[0m
[0mGET /css/layout.css [36m304 [0m4.708 ms - -[0m
[0mGET /css/lottery.css [36m304 [0m5.178 ms - -[0m
[0mGET /js/index.js [36m304 [0m3.418 ms - -[0m
[0mGET /get/state [32m200 [0m0.610 ms - 70[0m
